<?xml version="1.0" encoding="UTF-8"?>
<!-- Generated by org.testng.reporters.JUnitReportReporter -->
<testsuite hostname="vetsodi10006422" failures="0" tests="2" name="MyRunner.TestRunner" time="57.530" errors="0" timestamp="2023-11-02T09:07:18 IST" skipped="0">
  <testcase classname="MyRunner.TestRunner" name="runScenario" time="40.894"/>
  <testcase classname="MyRunner.TestRunner" name="runScenario" time="16.636"/>
</testsuite> <!-- MyRunner.TestRunner -->
