<?xml version="1.0" encoding="UTF-8"?>
<!-- Generated by org.testng.reporters.JUnitReportReporter -->
<testsuite hostname="vetsodi10006422" failures="0" tests="1" name="MyRunner.TestRunner1" time="47.755" errors="0" timestamp="2023-11-02T09:03:14 IST" skipped="0">
  <testcase classname="MyRunner.TestRunner1" name="runScenario" time="47.755"/>
</testsuite> <!-- MyRunner.TestRunner1 -->
